This file contains any messages produced by compilers while
running configure, to aid debugging if configure makes a mistake.

It was created by orparapp16s configure 0.1.0, which was
generated by GNU Autoconf 2.69.  Invocation command line was

  $ ./configure 

## --------- ##
## Platform. ##
## --------- ##

hostname = jinshou
uname -m = x86_64
uname -r = 4.4.0-47-generic
uname -s = Linux
uname -v = #68-Ubuntu SMP Wed Oct 26 19:39:52 UTC 2016

/usr/bin/uname -p = unknown
/bin/uname -X     = unknown

/bin/arch              = unknown
/usr/bin/arch -k       = unknown
/usr/convex/getsysinfo = unknown
/usr/bin/hostinfo      = unknown
/bin/machine           = unknown
/usr/bin/oslevel       = unknown
/bin/universe          = unknown

PATH: /home/kzhou/bin
PATH: /home/kzhou/.local/bin
PATH: .
PATH: /usr/local/sbin
PATH: /usr/local/bin
PATH: /usr/sbin
PATH: /usr/bin
PATH: /sbin
PATH: /bin
PATH: /usr/games
PATH: /usr/local/games
PATH: /snap/bin
PATH: /usr/local/jdk1.8.0_112/bin
PATH: /usr/local/IGV_2.3.90


## ----------- ##
## Core tests. ##
## ----------- ##

configure:2680: checking for a BSD-compatible install
configure:2748: result: /usr/bin/install -c
configure:2759: checking whether build environment is sane
configure:2814: result: yes
configure:2965: checking for a thread-safe mkdir -p
configure:3004: result: /bin/mkdir -p
configure:3011: checking for gawk
configure:3041: result: no
configure:3011: checking for mawk
configure:3027: found /usr/bin/mawk
configure:3038: result: mawk
configure:3049: checking whether make sets $(MAKE)
configure:3071: result: yes
configure:3100: checking whether make supports nested variables
configure:3117: result: yes
configure:3258: checking for style of include used by make
configure:3286: result: GNU
configure:3357: checking for gcc
configure:3373: found /usr/bin/gcc
configure:3384: result: gcc
configure:3613: checking for C compiler version
configure:3622: gcc --version >&5
gcc (Ubuntu 5.4.0-6ubuntu1~16.04.4) 5.4.0 20160609
Copyright (C) 2015 Free Software Foundation, Inc.
This is free software; see the source for copying conditions.  There is NO
warranty; not even for MERCHANTABILITY or FITNESS FOR A PARTICULAR PURPOSE.

configure:3633: $? = 0
configure:3622: gcc -v >&5
Using built-in specs.
COLLECT_GCC=gcc
COLLECT_LTO_WRAPPER=/usr/lib/gcc/x86_64-linux-gnu/5/lto-wrapper
Target: x86_64-linux-gnu
Configured with: ../src/configure -v --with-pkgversion='Ubuntu 5.4.0-6ubuntu1~16.04.4' --with-bugurl=file:///usr/share/doc/gcc-5/README.Bugs --enable-languages=c,ada,c++,java,go,d,fortran,objc,obj-c++ --prefix=/usr --program-suffix=-5 --enable-shared --enable-linker-build-id --libexecdir=/usr/lib --without-included-gettext --enable-threads=posix --libdir=/usr/lib --enable-nls --with-sysroot=/ --enable-clocale=gnu --enable-libstdcxx-debug --enable-libstdcxx-time=yes --with-default-libstdcxx-abi=new --enable-gnu-unique-object --disable-vtable-verify --enable-libmpx --enable-plugin --with-system-zlib --disable-browser-plugin --enable-java-awt=gtk --enable-gtk-cairo --with-java-home=/usr/lib/jvm/java-1.5.0-gcj-5-amd64/jre --enable-java-home --with-jvm-root-dir=/usr/lib/jvm/java-1.5.0-gcj-5-amd64 --with-jvm-jar-dir=/usr/lib/jvm-exports/java-1.5.0-gcj-5-amd64 --with-arch-directory=amd64 --with-ecj-jar=/usr/share/java/eclipse-ecj.jar --enable-objc-gc --enable-multiarch --disable-werror --with-arch-32=i686 --with-abi=m64 --with-multilib-list=m32,m64,mx32 --enable-multilib --with-tune=generic --enable-checking=release --build=x86_64-linux-gnu --host=x86_64-linux-gnu --target=x86_64-linux-gnu
Thread model: posix
gcc version 5.4.0 20160609 (Ubuntu 5.4.0-6ubuntu1~16.04.4) 
configure:3633: $? = 0
configure:3622: gcc -V >&5
gcc: error: unrecognized command line option '-V'
gcc: fatal error: no input files
compilation terminated.
configure:3633: $? = 1
configure:3622: gcc -qversion >&5
gcc: error: unrecognized command line option '-qversion'
gcc: fatal error: no input files
compilation terminated.
configure:3633: $? = 1
configure:3653: checking whether the C compiler works
configure:3675: gcc    conftest.c  >&5
configure:3679: $? = 0
configure:3727: result: yes
configure:3730: checking for C compiler default output file name
configure:3732: result: a.out
configure:3738: checking for suffix of executables
configure:3745: gcc -o conftest    conftest.c  >&5
configure:3749: $? = 0
configure:3771: result: 
configure:3793: checking whether we are cross compiling
configure:3801: gcc -o conftest    conftest.c  >&5
configure:3805: $? = 0
configure:3812: ./conftest
configure:3816: $? = 0
configure:3831: result: no
configure:3836: checking for suffix of object files
configure:3858: gcc -c   conftest.c >&5
configure:3862: $? = 0
configure:3883: result: o
configure:3887: checking whether we are using the GNU C compiler
configure:3906: gcc -c   conftest.c >&5
configure:3906: $? = 0
configure:3915: result: yes
configure:3924: checking whether gcc accepts -g
configure:3944: gcc -c -g  conftest.c >&5
configure:3944: $? = 0
configure:3985: result: yes
configure:4002: checking for gcc option to accept ISO C89
configure:4065: gcc  -c -g -O2  conftest.c >&5
configure:4065: $? = 0
configure:4078: result: none needed
configure:4103: checking whether gcc understands -c and -o together
configure:4125: gcc -c conftest.c -o conftest2.o
configure:4128: $? = 0
configure:4125: gcc -c conftest.c -o conftest2.o
configure:4128: $? = 0
configure:4140: result: yes
configure:4159: checking dependency style of gcc
configure:4270: result: gcc3
configure:4335: checking for ar
configure:4351: found /usr/bin/ar
configure:4362: result: ar
configure:4388: checking the archiver (ar) interface
configure:4404: gcc -c -g -O2  conftest.c >&5
configure:4404: $? = 0
configure:4406: ar cru libconftest.a conftest.o >&5
ar: `u' modifier ignored since `D' is the default (see `U')
configure:4409: $? = 0
configure:4437: result: ar
configure:4487: checking build system type
configure:4501: result: x86_64-pc-linux-gnu
configure:4521: checking host system type
configure:4534: result: x86_64-pc-linux-gnu
configure:4575: checking how to print strings
configure:4602: result: printf
configure:4623: checking for a sed that does not truncate output
configure:4687: result: /bin/sed
configure:4705: checking for grep that handles long lines and -e
configure:4763: result: /bin/grep
configure:4768: checking for egrep
configure:4830: result: /bin/grep -E
configure:4835: checking for fgrep
configure:4897: result: /bin/grep -F
configure:4932: checking for ld used by gcc
configure:4999: result: /usr/bin/ld
configure:5006: checking if the linker (/usr/bin/ld) is GNU ld
configure:5021: result: yes
configure:5033: checking for BSD- or MS-compatible name lister (nm)
configure:5087: result: /usr/bin/nm -B
configure:5217: checking the name lister (/usr/bin/nm -B) interface
configure:5224: gcc -c -g -O2  conftest.c >&5
configure:5227: /usr/bin/nm -B "conftest.o"
configure:5230: output
0000000000000000 B some_variable
configure:5237: result: BSD nm
configure:5240: checking whether ln -s works
configure:5244: result: yes
configure:5252: checking the maximum length of command line arguments
configure:5383: result: 1572864
configure:5431: checking how to convert x86_64-pc-linux-gnu file names to x86_64-pc-linux-gnu format
configure:5471: result: func_convert_file_noop
configure:5478: checking how to convert x86_64-pc-linux-gnu file names to toolchain format
configure:5498: result: func_convert_file_noop
configure:5505: checking for /usr/bin/ld option to reload object files
configure:5512: result: -r
configure:5586: checking for objdump
configure:5602: found /usr/bin/objdump
configure:5613: result: objdump
configure:5645: checking how to recognize dependent libraries
configure:5845: result: pass_all
configure:5930: checking for dlltool
configure:5960: result: no
configure:5990: checking how to associate runtime and link libraries
configure:6017: result: printf %s\n
configure:6141: checking for archiver @FILE support
configure:6158: gcc -c -g -O2  conftest.c >&5
configure:6158: $? = 0
configure:6161: ar cru libconftest.a @conftest.lst >&5
ar: `u' modifier ignored since `D' is the default (see `U')
configure:6164: $? = 0
configure:6169: ar cru libconftest.a @conftest.lst >&5
ar: `u' modifier ignored since `D' is the default (see `U')
ar: conftest.o: No such file or directory
configure:6172: $? = 1
configure:6184: result: @
configure:6242: checking for strip
configure:6258: found /usr/bin/strip
configure:6269: result: strip
configure:6341: checking for ranlib
configure:6357: found /usr/bin/ranlib
configure:6368: result: ranlib
configure:6470: checking command to parse /usr/bin/nm -B output from gcc object
configure:6623: gcc -c -g -O2  conftest.c >&5
configure:6626: $? = 0
configure:6630: /usr/bin/nm -B conftest.o \| sed -n -e 's/^.*[ ]\([ABCDGIRSTW][ABCDGIRSTW]*\)[ ][ ]*\([_A-Za-z][_A-Za-z0-9]*\)$/\1 \2 \2/p' | sed '/ __gnu_lto/d' \> conftest.nm
configure:6633: $? = 0
configure:6699: gcc -o conftest -g -O2   conftest.c conftstm.o >&5
configure:6702: $? = 0
configure:6740: result: ok
configure:6787: checking for sysroot
configure:6817: result: no
configure:6824: checking for a working dd
configure:6862: result: /bin/dd
configure:6866: checking how to truncate binary pipes
configure:6881: result: /bin/dd bs=4096 count=1
configure:7017: gcc -c -g -O2  conftest.c >&5
configure:7020: $? = 0
configure:7210: checking for mt
configure:7226: found /bin/mt
configure:7237: result: mt
configure:7260: checking if mt is a manifest tool
configure:7266: mt '-?'
configure:7274: result: no
configure:7951: checking how to run the C preprocessor
configure:7982: gcc -E  conftest.c
configure:7982: $? = 0
configure:7996: gcc -E  conftest.c
conftest.c:11:28: fatal error: ac_nonexistent.h: No such file or directory
compilation terminated.
configure:7996: $? = 1
configure: failed program was:
| /* confdefs.h */
| #define PACKAGE_NAME "orparapp16s"
| #define PACKAGE_TARNAME "orparapp16s"
| #define PACKAGE_VERSION "0.1.0"
| #define PACKAGE_STRING "orparapp16s 0.1.0"
| #define PACKAGE_BUGREPORT "kmzhou4@yahoo.com"
| #define PACKAGE_URL ""
| #define PACKAGE "orparapp16s"
| #define VERSION "0.1.0"
| /* end confdefs.h.  */
| #include <ac_nonexistent.h>
configure:8021: result: gcc -E
configure:8041: gcc -E  conftest.c
configure:8041: $? = 0
configure:8055: gcc -E  conftest.c
conftest.c:11:28: fatal error: ac_nonexistent.h: No such file or directory
compilation terminated.
configure:8055: $? = 1
configure: failed program was:
| /* confdefs.h */
| #define PACKAGE_NAME "orparapp16s"
| #define PACKAGE_TARNAME "orparapp16s"
| #define PACKAGE_VERSION "0.1.0"
| #define PACKAGE_STRING "orparapp16s 0.1.0"
| #define PACKAGE_BUGREPORT "kmzhou4@yahoo.com"
| #define PACKAGE_URL ""
| #define PACKAGE "orparapp16s"
| #define VERSION "0.1.0"
| /* end confdefs.h.  */
| #include <ac_nonexistent.h>
configure:8084: checking for ANSI C header files
configure:8104: gcc -c -g -O2  conftest.c >&5
configure:8104: $? = 0
configure:8177: gcc -o conftest -g -O2   conftest.c  >&5
configure:8177: $? = 0
configure:8177: ./conftest
configure:8177: $? = 0
configure:8188: result: yes
configure:8201: checking for sys/types.h
configure:8201: gcc -c -g -O2  conftest.c >&5
configure:8201: $? = 0
configure:8201: result: yes
configure:8201: checking for sys/stat.h
configure:8201: gcc -c -g -O2  conftest.c >&5
configure:8201: $? = 0
configure:8201: result: yes
configure:8201: checking for stdlib.h
configure:8201: gcc -c -g -O2  conftest.c >&5
configure:8201: $? = 0
configure:8201: result: yes
configure:8201: checking for string.h
configure:8201: gcc -c -g -O2  conftest.c >&5
configure:8201: $? = 0
configure:8201: result: yes
configure:8201: checking for memory.h
configure:8201: gcc -c -g -O2  conftest.c >&5
configure:8201: $? = 0
configure:8201: result: yes
configure:8201: checking for strings.h
configure:8201: gcc -c -g -O2  conftest.c >&5
configure:8201: $? = 0
configure:8201: result: yes
configure:8201: checking for inttypes.h
configure:8201: gcc -c -g -O2  conftest.c >&5
configure:8201: $? = 0
configure:8201: result: yes
configure:8201: checking for stdint.h
configure:8201: gcc -c -g -O2  conftest.c >&5
configure:8201: $? = 0
configure:8201: result: yes
configure:8201: checking for unistd.h
configure:8201: gcc -c -g -O2  conftest.c >&5
configure:8201: $? = 0
configure:8201: result: yes
configure:8215: checking for dlfcn.h
configure:8215: gcc -c -g -O2  conftest.c >&5
configure:8215: $? = 0
configure:8215: result: yes
configure:8471: checking for objdir
configure:8486: result: .libs
configure:8750: checking if gcc supports -fno-rtti -fno-exceptions
configure:8768: gcc -c -g -O2  -fno-rtti -fno-exceptions conftest.c >&5
cc1: warning: command line option '-fno-rtti' is valid for C++/ObjC++ but not for C
configure:8772: $? = 0
configure:8785: result: no
configure:9143: checking for gcc option to produce PIC
configure:9150: result: -fPIC -DPIC
configure:9158: checking if gcc PIC flag -fPIC -DPIC works
configure:9176: gcc -c -g -O2  -fPIC -DPIC -DPIC conftest.c >&5
configure:9180: $? = 0
configure:9193: result: yes
configure:9222: checking if gcc static flag -static works
configure:9250: result: yes
configure:9265: checking if gcc supports -c -o file.o
configure:9286: gcc -c -g -O2  -o out/conftest2.o conftest.c >&5
configure:9290: $? = 0
configure:9312: result: yes
configure:9320: checking if gcc supports -c -o file.o
configure:9367: result: yes
configure:9400: checking whether the gcc linker (/usr/bin/ld -m elf_x86_64) supports shared libraries
configure:10663: result: yes
configure:10700: checking whether -lc should be explicitly linked in
configure:10708: gcc -c -g -O2  conftest.c >&5
configure:10711: $? = 0
configure:10726: gcc -shared  -fPIC -DPIC conftest.o  -v -Wl,-soname -Wl,conftest -o conftest 2\>\&1 \| /bin/grep  -lc  \>/dev/null 2\>\&1
configure:10729: $? = 0
configure:10743: result: no
configure:10903: checking dynamic linker characteristics
configure:11484: gcc -o conftest -g -O2   -Wl,-rpath -Wl,/foo conftest.c  >&5
configure:11484: $? = 0
configure:11733: result: GNU/Linux ld.so
configure:11855: checking how to hardcode library paths into programs
configure:11880: result: immediate
configure:12428: checking whether stripping libraries is possible
configure:12433: result: yes
configure:12468: checking if libtool supports shared libraries
configure:12470: result: yes
configure:12473: checking whether to build shared libraries
configure:12498: result: yes
configure:12501: checking whether to build static libraries
configure:12505: result: yes
configure:12603: checking for g++
configure:12619: found /usr/bin/g++
configure:12630: result: g++
configure:12657: checking for C++ compiler version
configure:12666: g++ --version >&5
g++ (Ubuntu 5.4.0-6ubuntu1~16.04.4) 5.4.0 20160609
Copyright (C) 2015 Free Software Foundation, Inc.
This is free software; see the source for copying conditions.  There is NO
warranty; not even for MERCHANTABILITY or FITNESS FOR A PARTICULAR PURPOSE.

configure:12677: $? = 0
configure:12666: g++ -v >&5
Using built-in specs.
COLLECT_GCC=g++
COLLECT_LTO_WRAPPER=/usr/lib/gcc/x86_64-linux-gnu/5/lto-wrapper
Target: x86_64-linux-gnu
Configured with: ../src/configure -v --with-pkgversion='Ubuntu 5.4.0-6ubuntu1~16.04.4' --with-bugurl=file:///usr/share/doc/gcc-5/README.Bugs --enable-languages=c,ada,c++,java,go,d,fortran,objc,obj-c++ --prefix=/usr --program-suffix=-5 --enable-shared --enable-linker-build-id --libexecdir=/usr/lib --without-included-gettext --enable-threads=posix --libdir=/usr/lib --enable-nls --with-sysroot=/ --enable-clocale=gnu --enable-libstdcxx-debug --enable-libstdcxx-time=yes --with-default-libstdcxx-abi=new --enable-gnu-unique-object --disable-vtable-verify --enable-libmpx --enable-plugin --with-system-zlib --disable-browser-plugin --enable-java-awt=gtk --enable-gtk-cairo --with-java-home=/usr/lib/jvm/java-1.5.0-gcj-5-amd64/jre --enable-java-home --with-jvm-root-dir=/usr/lib/jvm/java-1.5.0-gcj-5-amd64 --with-jvm-jar-dir=/usr/lib/jvm-exports/java-1.5.0-gcj-5-amd64 --with-arch-directory=amd64 --with-ecj-jar=/usr/share/java/eclipse-ecj.jar --enable-objc-gc --enable-multiarch --disable-werror --with-arch-32=i686 --with-abi=m64 --with-multilib-list=m32,m64,mx32 --enable-multilib --with-tune=generic --enable-checking=release --build=x86_64-linux-gnu --host=x86_64-linux-gnu --target=x86_64-linux-gnu
Thread model: posix
gcc version 5.4.0 20160609 (Ubuntu 5.4.0-6ubuntu1~16.04.4) 
configure:12677: $? = 0
configure:12666: g++ -V >&5
g++: error: unrecognized command line option '-V'
g++: fatal error: no input files
compilation terminated.
configure:12677: $? = 1
configure:12666: g++ -qversion >&5
g++: error: unrecognized command line option '-qversion'
g++: fatal error: no input files
compilation terminated.
configure:12677: $? = 1
configure:12681: checking whether we are using the GNU C++ compiler
configure:12700: g++ -c   conftest.cpp >&5
configure:12700: $? = 0
configure:12709: result: yes
configure:12718: checking whether g++ accepts -g
configure:12738: g++ -c -g  conftest.cpp >&5
configure:12738: $? = 0
configure:12779: result: yes
configure:12804: checking dependency style of g++
configure:12915: result: gcc3
configure:12948: checking how to run the C++ preprocessor
configure:12975: g++ -E  conftest.cpp
configure:12975: $? = 0
configure:12989: g++ -E  conftest.cpp
conftest.cpp:23:28: fatal error: ac_nonexistent.h: No such file or directory
compilation terminated.
configure:12989: $? = 1
configure: failed program was:
| /* confdefs.h */
| #define PACKAGE_NAME "orparapp16s"
| #define PACKAGE_TARNAME "orparapp16s"
| #define PACKAGE_VERSION "0.1.0"
| #define PACKAGE_STRING "orparapp16s 0.1.0"
| #define PACKAGE_BUGREPORT "kmzhou4@yahoo.com"
| #define PACKAGE_URL ""
| #define PACKAGE "orparapp16s"
| #define VERSION "0.1.0"
| #define STDC_HEADERS 1
| #define HAVE_SYS_TYPES_H 1
| #define HAVE_SYS_STAT_H 1
| #define HAVE_STDLIB_H 1
| #define HAVE_STRING_H 1
| #define HAVE_MEMORY_H 1
| #define HAVE_STRINGS_H 1
| #define HAVE_INTTYPES_H 1
| #define HAVE_STDINT_H 1
| #define HAVE_UNISTD_H 1
| #define HAVE_DLFCN_H 1
| #define LT_OBJDIR ".libs/"
| /* end confdefs.h.  */
| #include <ac_nonexistent.h>
configure:13014: result: g++ -E
configure:13034: g++ -E  conftest.cpp
configure:13034: $? = 0
configure:13048: g++ -E  conftest.cpp
conftest.cpp:23:28: fatal error: ac_nonexistent.h: No such file or directory
compilation terminated.
configure:13048: $? = 1
configure: failed program was:
| /* confdefs.h */
| #define PACKAGE_NAME "orparapp16s"
| #define PACKAGE_TARNAME "orparapp16s"
| #define PACKAGE_VERSION "0.1.0"
| #define PACKAGE_STRING "orparapp16s 0.1.0"
| #define PACKAGE_BUGREPORT "kmzhou4@yahoo.com"
| #define PACKAGE_URL ""
| #define PACKAGE "orparapp16s"
| #define VERSION "0.1.0"
| #define STDC_HEADERS 1
| #define HAVE_SYS_TYPES_H 1
| #define HAVE_SYS_STAT_H 1
| #define HAVE_STDLIB_H 1
| #define HAVE_STRING_H 1
| #define HAVE_MEMORY_H 1
| #define HAVE_STRINGS_H 1
| #define HAVE_INTTYPES_H 1
| #define HAVE_STDINT_H 1
| #define HAVE_UNISTD_H 1
| #define HAVE_DLFCN_H 1
| #define LT_OBJDIR ".libs/"
| /* end confdefs.h.  */
| #include <ac_nonexistent.h>
configure:13210: checking for ld used by g++
configure:13277: result: /usr/bin/ld -m elf_x86_64
configure:13284: checking if the linker (/usr/bin/ld -m elf_x86_64) is GNU ld
configure:13299: result: yes
configure:13354: checking whether the g++ linker (/usr/bin/ld -m elf_x86_64) supports shared libraries
configure:14427: result: yes
configure:14463: g++ -c -g -O2  conftest.cpp >&5
configure:14466: $? = 0
configure:14947: checking for g++ option to produce PIC
configure:14954: result: -fPIC -DPIC
configure:14962: checking if g++ PIC flag -fPIC -DPIC works
configure:14980: g++ -c -g -O2  -fPIC -DPIC -DPIC conftest.cpp >&5
configure:14984: $? = 0
configure:14997: result: yes
configure:15020: checking if g++ static flag -static works
configure:15048: result: yes
configure:15060: checking if g++ supports -c -o file.o
configure:15081: g++ -c -g -O2  -o out/conftest2.o conftest.cpp >&5
configure:15085: $? = 0
configure:15107: result: yes
configure:15112: checking if g++ supports -c -o file.o
configure:15159: result: yes
configure:15189: checking whether the g++ linker (/usr/bin/ld -m elf_x86_64) supports shared libraries
configure:15232: result: yes
configure:15373: checking dynamic linker characteristics
configure:16130: result: GNU/Linux ld.so
configure:16195: checking how to hardcode library paths into programs
configure:16220: result: immediate
configure:16308: checking for gcc
configure:16335: result: gcc
configure:16564: checking for C compiler version
configure:16573: gcc --version >&5
gcc (Ubuntu 5.4.0-6ubuntu1~16.04.4) 5.4.0 20160609
Copyright (C) 2015 Free Software Foundation, Inc.
This is free software; see the source for copying conditions.  There is NO
warranty; not even for MERCHANTABILITY or FITNESS FOR A PARTICULAR PURPOSE.

configure:16584: $? = 0
configure:16573: gcc -v >&5
Using built-in specs.
COLLECT_GCC=gcc
COLLECT_LTO_WRAPPER=/usr/lib/gcc/x86_64-linux-gnu/5/lto-wrapper
Target: x86_64-linux-gnu
Configured with: ../src/configure -v --with-pkgversion='Ubuntu 5.4.0-6ubuntu1~16.04.4' --with-bugurl=file:///usr/share/doc/gcc-5/README.Bugs --enable-languages=c,ada,c++,java,go,d,fortran,objc,obj-c++ --prefix=/usr --program-suffix=-5 --enable-shared --enable-linker-build-id --libexecdir=/usr/lib --without-included-gettext --enable-threads=posix --libdir=/usr/lib --enable-nls --with-sysroot=/ --enable-clocale=gnu --enable-libstdcxx-debug --enable-libstdcxx-time=yes --with-default-libstdcxx-abi=new --enable-gnu-unique-object --disable-vtable-verify --enable-libmpx --enable-plugin --with-system-zlib --disable-browser-plugin --enable-java-awt=gtk --enable-gtk-cairo --with-java-home=/usr/lib/jvm/java-1.5.0-gcj-5-amd64/jre --enable-java-home --with-jvm-root-dir=/usr/lib/jvm/java-1.5.0-gcj-5-amd64 --with-jvm-jar-dir=/usr/lib/jvm-exports/java-1.5.0-gcj-5-amd64 --with-arch-directory=amd64 --with-ecj-jar=/usr/share/java/eclipse-ecj.jar --enable-objc-gc --enable-multiarch --disable-werror --with-arch-32=i686 --with-abi=m64 --with-multilib-list=m32,m64,mx32 --enable-multilib --with-tune=generic --enable-checking=release --build=x86_64-linux-gnu --host=x86_64-linux-gnu --target=x86_64-linux-gnu
Thread model: posix
gcc version 5.4.0 20160609 (Ubuntu 5.4.0-6ubuntu1~16.04.4) 
configure:16584: $? = 0
configure:16573: gcc -V >&5
gcc: error: unrecognized command line option '-V'
gcc: fatal error: no input files
compilation terminated.
configure:16584: $? = 1
configure:16573: gcc -qversion >&5
gcc: error: unrecognized command line option '-qversion'
gcc: fatal error: no input files
compilation terminated.
configure:16584: $? = 1
configure:16588: checking whether we are using the GNU C compiler
configure:16616: result: yes
configure:16625: checking whether gcc accepts -g
configure:16686: result: yes
configure:16703: checking for gcc option to accept ISO C89
configure:16779: result: none needed
configure:16804: checking whether gcc understands -c and -o together
configure:16841: result: yes
configure:16860: checking dependency style of gcc
configure:16971: result: gcc3
configure:17008: checking whether g++ supports C++11 features by default
configure:17302: g++ -c -g -O2  conftest.cpp >&5
conftest.cpp:34:2: error: #error "This is not a C++11 compiler"
 #error "This is not a C++11 compiler"
  ^
configure:17302: $? = 1
configure: failed program was:
| /* confdefs.h */
| #define PACKAGE_NAME "orparapp16s"
| #define PACKAGE_TARNAME "orparapp16s"
| #define PACKAGE_VERSION "0.1.0"
| #define PACKAGE_STRING "orparapp16s 0.1.0"
| #define PACKAGE_BUGREPORT "kmzhou4@yahoo.com"
| #define PACKAGE_URL ""
| #define PACKAGE "orparapp16s"
| #define VERSION "0.1.0"
| #define STDC_HEADERS 1
| #define HAVE_SYS_TYPES_H 1
| #define HAVE_SYS_STAT_H 1
| #define HAVE_STDLIB_H 1
| #define HAVE_STRING_H 1
| #define HAVE_MEMORY_H 1
| #define HAVE_STRINGS_H 1
| #define HAVE_INTTYPES_H 1
| #define HAVE_STDINT_H 1
| #define HAVE_UNISTD_H 1
| #define HAVE_DLFCN_H 1
| #define LT_OBJDIR ".libs/"
| /* end confdefs.h.  */
| 
| 
| // If the compiler admits that it is not ready for C++11, why torture it?
| // Hopefully, this will speed up the test.
| 
| #ifndef __cplusplus
| 
| #error "This is not a C++ compiler"
| 
| #elif __cplusplus < 201103L
| 
| #error "This is not a C++11 compiler"
| 
| #else
| 
| namespace cxx11
| {
| 
|   namespace test_static_assert
|   {
| 
|     template <typename T>
|     struct check
|     {
|       static_assert(sizeof(int) <= sizeof(T), "not big enough");
|     };
| 
|   }
| 
|   namespace test_final_override
|   {
| 
|     struct Base
|     {
|       virtual void f() {}
|     };
| 
|     struct Derived : public Base
|     {
|       virtual void f() override {}
|     };
| 
|   }
| 
|   namespace test_double_right_angle_brackets
|   {
| 
|     template < typename T >
|     struct check {};
| 
|     typedef check<void> single_type;
|     typedef check<check<void>> double_type;
|     typedef check<check<check<void>>> triple_type;
|     typedef check<check<check<check<void>>>> quadruple_type;
| 
|   }
| 
|   namespace test_decltype
|   {
| 
|     int
|     f()
|     {
|       int a = 1;
|       decltype(a) b = 2;
|       return a + b;
|     }
| 
|   }
| 
|   namespace test_type_deduction
|   {
| 
|     template < typename T1, typename T2 >
|     struct is_same
|     {
|       static const bool value = false;
|     };
| 
|     template < typename T >
|     struct is_same<T, T>
|     {
|       static const bool value = true;
|     };
| 
|     template < typename T1, typename T2 >
|     auto
|     add(T1 a1, T2 a2) -> decltype(a1 + a2)
|     {
|       return a1 + a2;
|     }
| 
|     int
|     test(const int c, volatile int v)
|     {
|       static_assert(is_same<int, decltype(0)>::value == true, "");
|       static_assert(is_same<int, decltype(c)>::value == false, "");
|       static_assert(is_same<int, decltype(v)>::value == false, "");
|       auto ac = c;
|       auto av = v;
|       auto sumi = ac + av + 'x';
|       auto sumf = ac + av + 1.0;
|       static_assert(is_same<int, decltype(ac)>::value == true, "");
|       static_assert(is_same<int, decltype(av)>::value == true, "");
|       static_assert(is_same<int, decltype(sumi)>::value == true, "");
|       static_assert(is_same<int, decltype(sumf)>::value == false, "");
|       static_assert(is_same<int, decltype(add(c, v))>::value == true, "");
|       return (sumf > 0.0) ? sumi : add(c, v);
|     }
| 
|   }
| 
|   namespace test_noexcept
|   {
| 
|     int f() { return 0; }
|     int g() noexcept { return 0; }
| 
|     static_assert(noexcept(f()) == false, "");
|     static_assert(noexcept(g()) == true, "");
| 
|   }
| 
|   namespace test_constexpr
|   {
| 
|     template < typename CharT >
|     unsigned long constexpr
|     strlen_c_r(const CharT *const s, const unsigned long acc) noexcept
|     {
|       return *s ? strlen_c_r(s + 1, acc + 1) : acc;
|     }
| 
|     template < typename CharT >
|     unsigned long constexpr
|     strlen_c(const CharT *const s) noexcept
|     {
|       return strlen_c_r(s, 0UL);
|     }
| 
|     static_assert(strlen_c("") == 0UL, "");
|     static_assert(strlen_c("1") == 1UL, "");
|     static_assert(strlen_c("example") == 7UL, "");
|     static_assert(strlen_c("another\0example") == 7UL, "");
| 
|   }
| 
|   namespace test_rvalue_references
|   {
| 
|     template < int N >
|     struct answer
|     {
|       static constexpr int value = N;
|     };
| 
|     answer<1> f(int&)       { return answer<1>(); }
|     answer<2> f(const int&) { return answer<2>(); }
|     answer<3> f(int&&)      { return answer<3>(); }
| 
|     void
|     test()
|     {
|       int i = 0;
|       const int c = 0;
|       static_assert(decltype(f(i))::value == 1, "");
|       static_assert(decltype(f(c))::value == 2, "");
|       static_assert(decltype(f(0))::value == 3, "");
|     }
| 
|   }
| 
|   namespace test_uniform_initialization
|   {
| 
|     struct test
|     {
|       static const int zero {};
|       static const int one {1};
|     };
| 
|     static_assert(test::zero == 0, "");
|     static_assert(test::one == 1, "");
| 
|   }
| 
|   namespace test_lambdas
|   {
| 
|     void
|     test1()
|     {
|       auto lambda1 = [](){};
|       auto lambda2 = lambda1;
|       lambda1();
|       lambda2();
|     }
| 
|     int
|     test2()
|     {
|       auto a = [](int i, int j){ return i + j; }(1, 2);
|       auto b = []() -> int { return '0'; }();
|       auto c = [=](){ return a + b; }();
|       auto d = [&](){ return c; }();
|       auto e = [a, &b](int x) mutable {
|         const auto identity = [](int y){ return y; };
|         for (auto i = 0; i < a; ++i)
|           a += b--;
|         return x + identity(a + b);
|       }(0);
|       return a + b + c + d + e;
|     }
| 
|     int
|     test3()
|     {
|       const auto nullary = [](){ return 0; };
|       const auto unary = [](int x){ return x; };
|       using nullary_t = decltype(nullary);
|       using unary_t = decltype(unary);
|       const auto higher1st = [](nullary_t f){ return f(); };
|       const auto higher2nd = [unary](nullary_t f1){
|         return [unary, f1](unary_t f2){ return f2(unary(f1())); };
|       };
|       return higher1st(nullary) + higher2nd(nullary)(unary);
|     }
| 
|   }
| 
|   namespace test_variadic_templates
|   {
| 
|     template <int...>
|     struct sum;
| 
|     template <int N0, int... N1toN>
|     struct sum<N0, N1toN...>
|     {
|       static constexpr auto value = N0 + sum<N1toN...>::value;
|     };
| 
|     template <>
|     struct sum<>
|     {
|       static constexpr auto value = 0;
|     };
| 
|     static_assert(sum<>::value == 0, "");
|     static_assert(sum<1>::value == 1, "");
|     static_assert(sum<23>::value == 23, "");
|     static_assert(sum<1, 2>::value == 3, "");
|     static_assert(sum<5, 5, 11>::value == 21, "");
|     static_assert(sum<2, 3, 5, 7, 11, 13>::value == 41, "");
| 
|   }
| 
|   // http://stackoverflow.com/questions/13728184/template-aliases-and-sfinae
|   // Clang 3.1 fails with headers of libstd++ 4.8.3 when using std::function
|   // because of this.
|   namespace test_template_alias_sfinae
|   {
| 
|     struct foo {};
| 
|     template<typename T>
|     using member = typename T::member_type;
| 
|     template<typename T>
|     void func(...) {}
| 
|     template<typename T>
|     void func(member<T>*) {}
| 
|     void test();
| 
|     void test() { func<foo>(0); }
| 
|   }
| 
| }  // namespace cxx11
| 
| #endif  // __cplusplus >= 201103L
| 
| 
| 
configure:17309: result: no
configure:17321: checking whether g++ supports C++11 features with -std=c++11
configure:17617: g++ -std=c++11 -c -g -O2  conftest.cpp >&5
configure:17617: $? = 0
configure:17626: result: yes
configure:17865: checking whether gcc is Clang
configure:17890: result: no
configure:18013: checking whether pthreads work with -pthread
configure:18107: gcc -o conftest -g -O2 -pthread  -L/usr/lib/x86_64-linux-gnu  conftest.c  -lpthread  >&5
configure:18107: $? = 0
configure:18116: result: yes
configure:18135: checking for joinable pthread attribute
configure:18153: gcc -o conftest -g -O2 -pthread  -L/usr/lib/x86_64-linux-gnu  conftest.c  -lpthread  >&5
configure:18153: $? = 0
configure:18161: result: PTHREAD_CREATE_JOINABLE
configure:18175: checking whether more special flags are required for pthreads
configure:18188: result: no
configure:18196: checking for PTHREAD_PRIO_INHERIT
configure:18212: gcc -o conftest -g -O2 -pthread  -L/usr/lib/x86_64-linux-gnu  conftest.c  -lpthread  >&5
configure:18212: $? = 0
configure:18221: result: yes
configure:18365: g++ -std=c++11 -o conftest -I/usr/local/include -g -O2  -L/usr/local/lib  conftest.cpp  -lgtest -lgtest_main -lgmock -lgmock_main -lpthread >&5
configure:18365: $? = 0
configure:18404: checking api/BamReader.h usability
configure:18404: g++ -std=c++11 -c -I/usr/local/include/bamtools -g -O2  conftest.cpp >&5
configure:18404: $? = 0
configure:18404: result: yes
configure:18404: checking api/BamReader.h presence
configure:18404: g++ -E -std=c++11  conftest.cpp
conftest.cpp:26:27: fatal error: api/BamReader.h: No such file or directory
compilation terminated.
configure:18404: $? = 1
configure: failed program was:
| /* confdefs.h */
| #define PACKAGE_NAME "orparapp16s"
| #define PACKAGE_TARNAME "orparapp16s"
| #define PACKAGE_VERSION "0.1.0"
| #define PACKAGE_STRING "orparapp16s 0.1.0"
| #define PACKAGE_BUGREPORT "kmzhou4@yahoo.com"
| #define PACKAGE_URL ""
| #define PACKAGE "orparapp16s"
| #define VERSION "0.1.0"
| #define STDC_HEADERS 1
| #define HAVE_SYS_TYPES_H 1
| #define HAVE_SYS_STAT_H 1
| #define HAVE_STDLIB_H 1
| #define HAVE_STRING_H 1
| #define HAVE_MEMORY_H 1
| #define HAVE_STRINGS_H 1
| #define HAVE_INTTYPES_H 1
| #define HAVE_STDINT_H 1
| #define HAVE_UNISTD_H 1
| #define HAVE_DLFCN_H 1
| #define LT_OBJDIR ".libs/"
| #define HAVE_CXX11 1
| #define HAVE_PTHREAD_PRIO_INHERIT 1
| #define HAVE_PTHREAD 1
| /* end confdefs.h.  */
| #include <api/BamReader.h>
configure:18404: result: no
configure:18404: WARNING: api/BamReader.h: accepted by the compiler, rejected by the preprocessor!
configure:18404: WARNING: api/BamReader.h: proceeding with the compiler's result
configure:18404: checking for api/BamReader.h
configure:18404: result: yes
configure:18427: g++ -std=c++11 -o conftest -I/usr/local/include/bamtools -g -O2  -L/usr/local/lib/bamtools  conftest.cpp  -lbamtools >&5
configure:18427: $? = 0
configure:18472: g++ -std=c++11 -o conftest -I/usr/local/include/boost -g -O2  -L/usr/local/lib  conftest.cpp  -lboost_program_options >&5
configure:18472: $? = 0
configure:18486: found boost
configure:18510: checking bioseq.h usability
configure:18510: g++ -std=c++11 -c -I/usr/local/include/orpara16s -g -O2  conftest.cpp >&5
configure:18510: $? = 0
configure:18510: result: yes
configure:18510: checking bioseq.h presence
configure:18510: g++ -E -std=c++11  conftest.cpp
conftest.cpp:27:20: fatal error: bioseq.h: No such file or directory
compilation terminated.
configure:18510: $? = 1
configure: failed program was:
| /* confdefs.h */
| #define PACKAGE_NAME "orparapp16s"
| #define PACKAGE_TARNAME "orparapp16s"
| #define PACKAGE_VERSION "0.1.0"
| #define PACKAGE_STRING "orparapp16s 0.1.0"
| #define PACKAGE_BUGREPORT "kmzhou4@yahoo.com"
| #define PACKAGE_URL ""
| #define PACKAGE "orparapp16s"
| #define VERSION "0.1.0"
| #define STDC_HEADERS 1
| #define HAVE_SYS_TYPES_H 1
| #define HAVE_SYS_STAT_H 1
| #define HAVE_STDLIB_H 1
| #define HAVE_STRING_H 1
| #define HAVE_MEMORY_H 1
| #define HAVE_STRINGS_H 1
| #define HAVE_INTTYPES_H 1
| #define HAVE_STDINT_H 1
| #define HAVE_UNISTD_H 1
| #define HAVE_DLFCN_H 1
| #define LT_OBJDIR ".libs/"
| #define HAVE_CXX11 1
| #define HAVE_PTHREAD_PRIO_INHERIT 1
| #define HAVE_PTHREAD 1
| #define HAVE_API_BAMREADER_H 1
| /* end confdefs.h.  */
| #include <bioseq.h>
configure:18510: result: no
configure:18510: WARNING: bioseq.h: accepted by the compiler, rejected by the preprocessor!
configure:18510: WARNING: bioseq.h: proceeding with the compiler's result
configure:18510: checking for bioseq.h
configure:18510: result: yes
configure:18533: g++ -std=c++11 -o conftest -I/usr/local/include/orpara16s -g -O2  -L/usr/local/lib  conftest.cpp   >&5
configure:18533: $? = 0
configure:18577: g++ -std=c++11 -o conftest -I/usr/local/include -g -O2  -L/usr/local/lib  conftest.cpp  -lplotter -lXaw -lXmu -lXt -lSM -lICE -lXext -lX11 -lpng -lz -lm >&5
configure:18577: $? = 0
configure:18600: checking for string.h
configure:18600: result: yes
configure:18612: checking for stdbool.h that conforms to C99
configure:18679: gcc -c -g -O2  conftest.c >&5
configure:18679: $? = 0
configure:18686: result: yes
configure:18688: checking for _Bool
configure:18688: gcc -c -g -O2  conftest.c >&5
configure:18688: $? = 0
configure:18688: gcc -c -g -O2  conftest.c >&5
conftest.c: In function 'main':
conftest.c:65:20: error: expected expression before ')' token
 if (sizeof ((_Bool)))
                    ^
configure:18688: $? = 1
configure: failed program was:
| /* confdefs.h */
| #define PACKAGE_NAME "orparapp16s"
| #define PACKAGE_TARNAME "orparapp16s"
| #define PACKAGE_VERSION "0.1.0"
| #define PACKAGE_STRING "orparapp16s 0.1.0"
| #define PACKAGE_BUGREPORT "kmzhou4@yahoo.com"
| #define PACKAGE_URL ""
| #define PACKAGE "orparapp16s"
| #define VERSION "0.1.0"
| #define STDC_HEADERS 1
| #define HAVE_SYS_TYPES_H 1
| #define HAVE_SYS_STAT_H 1
| #define HAVE_STDLIB_H 1
| #define HAVE_STRING_H 1
| #define HAVE_MEMORY_H 1
| #define HAVE_STRINGS_H 1
| #define HAVE_INTTYPES_H 1
| #define HAVE_STDINT_H 1
| #define HAVE_UNISTD_H 1
| #define HAVE_DLFCN_H 1
| #define LT_OBJDIR ".libs/"
| #define HAVE_CXX11 1
| #define HAVE_PTHREAD_PRIO_INHERIT 1
| #define HAVE_PTHREAD 1
| #define HAVE_API_BAMREADER_H 1
| #define HAVE_BIOSEQ_H 1
| #define HAVE_STRING_H 1
| /* end confdefs.h.  */
| #include <stdio.h>
| #ifdef HAVE_SYS_TYPES_H
| # include <sys/types.h>
| #endif
| #ifdef HAVE_SYS_STAT_H
| # include <sys/stat.h>
| #endif
| #ifdef STDC_HEADERS
| # include <stdlib.h>
| # include <stddef.h>
| #else
| # ifdef HAVE_STDLIB_H
| #  include <stdlib.h>
| # endif
| #endif
| #ifdef HAVE_STRING_H
| # if !defined STDC_HEADERS && defined HAVE_MEMORY_H
| #  include <memory.h>
| # endif
| # include <string.h>
| #endif
| #ifdef HAVE_STRINGS_H
| # include <strings.h>
| #endif
| #ifdef HAVE_INTTYPES_H
| # include <inttypes.h>
| #endif
| #ifdef HAVE_STDINT_H
| # include <stdint.h>
| #endif
| #ifdef HAVE_UNISTD_H
| # include <unistd.h>
| #endif
| int
| main ()
| {
| if (sizeof ((_Bool)))
| 	    return 0;
|   ;
|   return 0;
| }
configure:18688: result: yes
configure:18699: checking for int8_t
configure:18699: gcc -c -g -O2  conftest.c >&5
configure:18699: $? = 0
configure:18699: gcc -c -g -O2  conftest.c >&5
conftest.c: In function 'main':
conftest.c:67:12: error: size of array 'test_array' is negative
 static int test_array [1 - 2 * !((int8_t) (((((int8_t) 1 << N) << N) - 1) * 2 + 1)
            ^
configure:18699: $? = 1
configure: failed program was:
| /* confdefs.h */
| #define PACKAGE_NAME "orparapp16s"
| #define PACKAGE_TARNAME "orparapp16s"
| #define PACKAGE_VERSION "0.1.0"
| #define PACKAGE_STRING "orparapp16s 0.1.0"
| #define PACKAGE_BUGREPORT "kmzhou4@yahoo.com"
| #define PACKAGE_URL ""
| #define PACKAGE "orparapp16s"
| #define VERSION "0.1.0"
| #define STDC_HEADERS 1
| #define HAVE_SYS_TYPES_H 1
| #define HAVE_SYS_STAT_H 1
| #define HAVE_STDLIB_H 1
| #define HAVE_STRING_H 1
| #define HAVE_MEMORY_H 1
| #define HAVE_STRINGS_H 1
| #define HAVE_INTTYPES_H 1
| #define HAVE_STDINT_H 1
| #define HAVE_UNISTD_H 1
| #define HAVE_DLFCN_H 1
| #define LT_OBJDIR ".libs/"
| #define HAVE_CXX11 1
| #define HAVE_PTHREAD_PRIO_INHERIT 1
| #define HAVE_PTHREAD 1
| #define HAVE_API_BAMREADER_H 1
| #define HAVE_BIOSEQ_H 1
| #define HAVE_STRING_H 1
| #define HAVE__BOOL 1
| /* end confdefs.h.  */
| #include <stdio.h>
| #ifdef HAVE_SYS_TYPES_H
| # include <sys/types.h>
| #endif
| #ifdef HAVE_SYS_STAT_H
| # include <sys/stat.h>
| #endif
| #ifdef STDC_HEADERS
| # include <stdlib.h>
| # include <stddef.h>
| #else
| # ifdef HAVE_STDLIB_H
| #  include <stdlib.h>
| # endif
| #endif
| #ifdef HAVE_STRING_H
| # if !defined STDC_HEADERS && defined HAVE_MEMORY_H
| #  include <memory.h>
| # endif
| # include <string.h>
| #endif
| #ifdef HAVE_STRINGS_H
| # include <strings.h>
| #endif
| #ifdef HAVE_INTTYPES_H
| # include <inttypes.h>
| #endif
| #ifdef HAVE_STDINT_H
| # include <stdint.h>
| #endif
| #ifdef HAVE_UNISTD_H
| # include <unistd.h>
| #endif
| 	        enum { N = 8 / 2 - 1 };
| int
| main ()
| {
| static int test_array [1 - 2 * !((int8_t) (((((int8_t) 1 << N) << N) - 1) * 2 + 1)
| 		 < (int8_t) (((((int8_t) 1 << N) << N) - 1) * 2 + 2))];
| test_array [0] = 0;
| return test_array [0];
| 
|   ;
|   return 0;
| }
configure:18699: result: yes
configure:18710: checking for size_t
configure:18710: gcc -c -g -O2  conftest.c >&5
configure:18710: $? = 0
configure:18710: gcc -c -g -O2  conftest.c >&5
conftest.c: In function 'main':
conftest.c:66:21: error: expected expression before ')' token
 if (sizeof ((size_t)))
                     ^
configure:18710: $? = 1
configure: failed program was:
| /* confdefs.h */
| #define PACKAGE_NAME "orparapp16s"
| #define PACKAGE_TARNAME "orparapp16s"
| #define PACKAGE_VERSION "0.1.0"
| #define PACKAGE_STRING "orparapp16s 0.1.0"
| #define PACKAGE_BUGREPORT "kmzhou4@yahoo.com"
| #define PACKAGE_URL ""
| #define PACKAGE "orparapp16s"
| #define VERSION "0.1.0"
| #define STDC_HEADERS 1
| #define HAVE_SYS_TYPES_H 1
| #define HAVE_SYS_STAT_H 1
| #define HAVE_STDLIB_H 1
| #define HAVE_STRING_H 1
| #define HAVE_MEMORY_H 1
| #define HAVE_STRINGS_H 1
| #define HAVE_INTTYPES_H 1
| #define HAVE_STDINT_H 1
| #define HAVE_UNISTD_H 1
| #define HAVE_DLFCN_H 1
| #define LT_OBJDIR ".libs/"
| #define HAVE_CXX11 1
| #define HAVE_PTHREAD_PRIO_INHERIT 1
| #define HAVE_PTHREAD 1
| #define HAVE_API_BAMREADER_H 1
| #define HAVE_BIOSEQ_H 1
| #define HAVE_STRING_H 1
| #define HAVE__BOOL 1
| /* end confdefs.h.  */
| #include <stdio.h>
| #ifdef HAVE_SYS_TYPES_H
| # include <sys/types.h>
| #endif
| #ifdef HAVE_SYS_STAT_H
| # include <sys/stat.h>
| #endif
| #ifdef STDC_HEADERS
| # include <stdlib.h>
| # include <stddef.h>
| #else
| # ifdef HAVE_STDLIB_H
| #  include <stdlib.h>
| # endif
| #endif
| #ifdef HAVE_STRING_H
| # if !defined STDC_HEADERS && defined HAVE_MEMORY_H
| #  include <memory.h>
| # endif
| # include <string.h>
| #endif
| #ifdef HAVE_STRINGS_H
| # include <strings.h>
| #endif
| #ifdef HAVE_INTTYPES_H
| # include <inttypes.h>
| #endif
| #ifdef HAVE_STDINT_H
| # include <stdint.h>
| #endif
| #ifdef HAVE_UNISTD_H
| # include <unistd.h>
| #endif
| int
| main ()
| {
| if (sizeof ((size_t)))
| 	    return 0;
|   ;
|   return 0;
| }
configure:18710: result: yes
configure:18726: checking for floor
configure:18726: gcc -o conftest -g -O2   conftest.c  >&5
conftest.c:53:6: warning: conflicting types for built-in function 'floor'
 char floor ();
      ^
/tmp/ccmiZHzb.o: In function `main':
/home/kzhou/coding/orparapp16s/conftest.c:64: undefined reference to `floor'
collect2: error: ld returned 1 exit status
configure:18726: $? = 1
configure: failed program was:
| /* confdefs.h */
| #define PACKAGE_NAME "orparapp16s"
| #define PACKAGE_TARNAME "orparapp16s"
| #define PACKAGE_VERSION "0.1.0"
| #define PACKAGE_STRING "orparapp16s 0.1.0"
| #define PACKAGE_BUGREPORT "kmzhou4@yahoo.com"
| #define PACKAGE_URL ""
| #define PACKAGE "orparapp16s"
| #define VERSION "0.1.0"
| #define STDC_HEADERS 1
| #define HAVE_SYS_TYPES_H 1
| #define HAVE_SYS_STAT_H 1
| #define HAVE_STDLIB_H 1
| #define HAVE_STRING_H 1
| #define HAVE_MEMORY_H 1
| #define HAVE_STRINGS_H 1
| #define HAVE_INTTYPES_H 1
| #define HAVE_STDINT_H 1
| #define HAVE_UNISTD_H 1
| #define HAVE_DLFCN_H 1
| #define LT_OBJDIR ".libs/"
| #define HAVE_CXX11 1
| #define HAVE_PTHREAD_PRIO_INHERIT 1
| #define HAVE_PTHREAD 1
| #define HAVE_API_BAMREADER_H 1
| #define HAVE_BIOSEQ_H 1
| #define HAVE_STRING_H 1
| #define HAVE__BOOL 1
| /* end confdefs.h.  */
| /* Define floor to an innocuous variant, in case <limits.h> declares floor.
|    For example, HP-UX 11i <limits.h> declares gettimeofday.  */
| #define floor innocuous_floor
| 
| /* System header to define __stub macros and hopefully few prototypes,
|     which can conflict with char floor (); below.
|     Prefer <limits.h> to <assert.h> if __STDC__ is defined, since
|     <limits.h> exists even on freestanding compilers.  */
| 
| #ifdef __STDC__
| # include <limits.h>
| #else
| # include <assert.h>
| #endif
| 
| #undef floor
| 
| /* Override any GCC internal prototype to avoid an error.
|    Use char because int might match the return type of a GCC
|    builtin and then its argument prototype would still apply.  */
| #ifdef __cplusplus
| extern "C"
| #endif
| char floor ();
| /* The GNU C library defines this for functions which it implements
|     to always fail with ENOSYS.  Some functions are actually named
|     something starting with __ and the normal name is an alias.  */
| #if defined __stub_floor || defined __stub___floor
| choke me
| #endif
| 
| int
| main ()
| {
| return floor ();
|   ;
|   return 0;
| }
configure:18726: result: no
configure:18726: checking for mkdir
configure:18726: gcc -o conftest -g -O2   conftest.c  >&5
configure:18726: $? = 0
configure:18726: result: yes
configure:18726: checking for pow
configure:18726: gcc -o conftest -g -O2   conftest.c  >&5
conftest.c:54:6: warning: conflicting types for built-in function 'pow'
 char pow ();
      ^
/tmp/cc2KyZkg.o: In function `main':
/home/kzhou/coding/orparapp16s/conftest.c:65: undefined reference to `pow'
collect2: error: ld returned 1 exit status
configure:18726: $? = 1
configure: failed program was:
| /* confdefs.h */
| #define PACKAGE_NAME "orparapp16s"
| #define PACKAGE_TARNAME "orparapp16s"
| #define PACKAGE_VERSION "0.1.0"
| #define PACKAGE_STRING "orparapp16s 0.1.0"
| #define PACKAGE_BUGREPORT "kmzhou4@yahoo.com"
| #define PACKAGE_URL ""
| #define PACKAGE "orparapp16s"
| #define VERSION "0.1.0"
| #define STDC_HEADERS 1
| #define HAVE_SYS_TYPES_H 1
| #define HAVE_SYS_STAT_H 1
| #define HAVE_STDLIB_H 1
| #define HAVE_STRING_H 1
| #define HAVE_MEMORY_H 1
| #define HAVE_STRINGS_H 1
| #define HAVE_INTTYPES_H 1
| #define HAVE_STDINT_H 1
| #define HAVE_UNISTD_H 1
| #define HAVE_DLFCN_H 1
| #define LT_OBJDIR ".libs/"
| #define HAVE_CXX11 1
| #define HAVE_PTHREAD_PRIO_INHERIT 1
| #define HAVE_PTHREAD 1
| #define HAVE_API_BAMREADER_H 1
| #define HAVE_BIOSEQ_H 1
| #define HAVE_STRING_H 1
| #define HAVE__BOOL 1
| #define HAVE_MKDIR 1
| /* end confdefs.h.  */
| /* Define pow to an innocuous variant, in case <limits.h> declares pow.
|    For example, HP-UX 11i <limits.h> declares gettimeofday.  */
| #define pow innocuous_pow
| 
| /* System header to define __stub macros and hopefully few prototypes,
|     which can conflict with char pow (); below.
|     Prefer <limits.h> to <assert.h> if __STDC__ is defined, since
|     <limits.h> exists even on freestanding compilers.  */
| 
| #ifdef __STDC__
| # include <limits.h>
| #else
| # include <assert.h>
| #endif
| 
| #undef pow
| 
| /* Override any GCC internal prototype to avoid an error.
|    Use char because int might match the return type of a GCC
|    builtin and then its argument prototype would still apply.  */
| #ifdef __cplusplus
| extern "C"
| #endif
| char pow ();
| /* The GNU C library defines this for functions which it implements
|     to always fail with ENOSYS.  Some functions are actually named
|     something starting with __ and the normal name is an alias.  */
| #if defined __stub_pow || defined __stub___pow
| choke me
| #endif
| 
| int
| main ()
| {
| return pow ();
|   ;
|   return 0;
| }
configure:18726: result: no
configure:18726: checking for strchr
configure:18726: gcc -o conftest -g -O2   conftest.c  >&5
conftest.c:54:6: warning: conflicting types for built-in function 'strchr'
 char strchr ();
      ^
configure:18726: $? = 0
configure:18726: result: yes
configure:18726: checking for strstr
configure:18726: gcc -o conftest -g -O2   conftest.c  >&5
conftest.c:55:6: warning: conflicting types for built-in function 'strstr'
 char strstr ();
      ^
configure:18726: $? = 0
configure:18726: result: yes
configure:18847: checking that generated files are newer than configure
configure:18853: result: done
configure:18884: creating ./config.status

## ---------------------- ##
## Running config.status. ##
## ---------------------- ##

This file was extended by orparapp16s config.status 0.1.0, which was
generated by GNU Autoconf 2.69.  Invocation command line was

  CONFIG_FILES    = 
  CONFIG_HEADERS  = 
  CONFIG_LINKS    = 
  CONFIG_COMMANDS = 
  $ ./config.status 

on jinshou

config.status:1191: creating Makefile
config.status:1191: creating src/Makefile
config.status:1191: creating src/consensus/Makefile
config.status:1191: creating src/seqconv/Makefile
config.status:1191: creating src/test/Makefile
config.status:1191: creating config.h
config.status:1372: config.h is unchanged
config.status:1420: executing depfiles commands
config.status:1420: executing libtool commands

## ---------------- ##
## Cache variables. ##
## ---------------- ##

ac_cv_build=x86_64-pc-linux-gnu
ac_cv_c_compiler_gnu=yes
ac_cv_c_int8_t=yes
ac_cv_cxx_compiler_gnu=yes
ac_cv_env_BAMTOOLSINC_set=
ac_cv_env_BAMTOOLSINC_value=
ac_cv_env_BAMTOOLSLIB_set=
ac_cv_env_BAMTOOLSLIB_value=
ac_cv_env_BOOSTINC_set=
ac_cv_env_BOOSTINC_value=
ac_cv_env_BOOSTLIB_set=
ac_cv_env_BOOSTLIB_value=
ac_cv_env_CCC_set=
ac_cv_env_CCC_value=
ac_cv_env_CC_set=
ac_cv_env_CC_value=
ac_cv_env_CFLAGS_set=
ac_cv_env_CFLAGS_value=
ac_cv_env_CPPFLAGS_set=
ac_cv_env_CPPFLAGS_value=
ac_cv_env_CPP_set=
ac_cv_env_CPP_value=
ac_cv_env_CXXCPP_set=
ac_cv_env_CXXCPP_value=
ac_cv_env_CXXFLAGS_set=
ac_cv_env_CXXFLAGS_value=
ac_cv_env_CXX_set=
ac_cv_env_CXX_value=
ac_cv_env_GTESTINC_set=
ac_cv_env_GTESTINC_value=
ac_cv_env_GTESTLIB_set=
ac_cv_env_GTESTLIB_value=
ac_cv_env_LDFLAGS_set=
ac_cv_env_LDFLAGS_value=
ac_cv_env_LIBS_set=
ac_cv_env_LIBS_value=
ac_cv_env_LT_SYS_LIBRARY_PATH_set=
ac_cv_env_LT_SYS_LIBRARY_PATH_value=
ac_cv_env_ORPARAIND_set=
ac_cv_env_ORPARAIND_value=
ac_cv_env_ORPARALIB_set=
ac_cv_env_ORPARALIB_value=
ac_cv_env_PLOTUTILINC_set=
ac_cv_env_PLOTUTILINC_value=
ac_cv_env_PLOTUTILLIB_set=
ac_cv_env_PLOTUTILLIB_value=
ac_cv_env_build_alias_set=
ac_cv_env_build_alias_value=
ac_cv_env_host_alias_set=
ac_cv_env_host_alias_value=
ac_cv_env_target_alias_set=
ac_cv_env_target_alias_value=
ac_cv_func_floor=no
ac_cv_func_mkdir=yes
ac_cv_func_pow=no
ac_cv_func_strchr=yes
ac_cv_func_strstr=yes
ac_cv_header_api_BamReader_h=yes
ac_cv_header_bioseq_h=yes
ac_cv_header_dlfcn_h=yes
ac_cv_header_inttypes_h=yes
ac_cv_header_memory_h=yes
ac_cv_header_stdbool_h=yes
ac_cv_header_stdc=yes
ac_cv_header_stdint_h=yes
ac_cv_header_stdlib_h=yes
ac_cv_header_string_h=yes
ac_cv_header_strings_h=yes
ac_cv_header_sys_stat_h=yes
ac_cv_header_sys_types_h=yes
ac_cv_header_unistd_h=yes
ac_cv_host=x86_64-pc-linux-gnu
ac_cv_objext=o
ac_cv_path_EGREP='/bin/grep -E'
ac_cv_path_FGREP='/bin/grep -F'
ac_cv_path_GREP=/bin/grep
ac_cv_path_SED=/bin/sed
ac_cv_path_install='/usr/bin/install -c'
ac_cv_path_lt_DD=/bin/dd
ac_cv_path_mkdir=/bin/mkdir
ac_cv_prog_AWK=mawk
ac_cv_prog_CPP='gcc -E'
ac_cv_prog_CXXCPP='g++ -E'
ac_cv_prog_ac_ct_AR=ar
ac_cv_prog_ac_ct_CC=gcc
ac_cv_prog_ac_ct_CXX=g++
ac_cv_prog_ac_ct_MANIFEST_TOOL=mt
ac_cv_prog_ac_ct_OBJDUMP=objdump
ac_cv_prog_ac_ct_RANLIB=ranlib
ac_cv_prog_ac_ct_STRIP=strip
ac_cv_prog_cc_c89=
ac_cv_prog_cc_g=yes
ac_cv_prog_cxx_g=yes
ac_cv_prog_make_make_set=yes
ac_cv_type__Bool=yes
ac_cv_type_size_t=yes
am_cv_CC_dependencies_compiler_type=gcc3
am_cv_CXX_dependencies_compiler_type=gcc3
am_cv_ar_interface=ar
am_cv_make_support_nested_variables=yes
am_cv_prog_cc_c_o=yes
ax_cv_PTHREAD_CLANG=no
ax_cv_PTHREAD_JOINABLE_ATTR=PTHREAD_CREATE_JOINABLE
ax_cv_PTHREAD_PRIO_INHERIT=yes
ax_cv_PTHREAD_SPECIAL_FLAGS=no
ax_cv_cxx_compile_cxx11=no
ax_cv_cxx_compile_cxx11__std_cpp11=yes
lt_cv_ar_at_file=@
lt_cv_archive_cmds_need_lc=no
lt_cv_deplibs_check_method=pass_all
lt_cv_file_magic_cmd='$MAGIC_CMD'
lt_cv_file_magic_test_file=
lt_cv_ld_reload_flag=-r
lt_cv_nm_interface='BSD nm'
lt_cv_objdir=.libs
lt_cv_path_LD=/usr/bin/ld
lt_cv_path_LDCXX='/usr/bin/ld -m elf_x86_64'
lt_cv_path_NM='/usr/bin/nm -B'
lt_cv_path_mainfest_tool=no
lt_cv_prog_compiler_c_o=yes
lt_cv_prog_compiler_c_o_CXX=yes
lt_cv_prog_compiler_pic='-fPIC -DPIC'
lt_cv_prog_compiler_pic_CXX='-fPIC -DPIC'
lt_cv_prog_compiler_pic_works=yes
lt_cv_prog_compiler_pic_works_CXX=yes
lt_cv_prog_compiler_rtti_exceptions=no
lt_cv_prog_compiler_static_works=yes
lt_cv_prog_compiler_static_works_CXX=yes
lt_cv_prog_gnu_ld=yes
lt_cv_prog_gnu_ldcxx=yes
lt_cv_sharedlib_from_linklib_cmd='printf %s\n'
lt_cv_shlibpath_overrides_runpath=no
lt_cv_sys_global_symbol_pipe='sed -n -e '\''s/^.*[	 ]\([ABCDGIRSTW][ABCDGIRSTW]*\)[	 ][	 ]*\([_A-Za-z][_A-Za-z0-9]*\)$/\1 \2 \2/p'\'' | sed '\''/ __gnu_lto/d'\'''
lt_cv_sys_global_symbol_to_c_name_address='sed -n -e '\''s/^: \(.*\) .*$/  {"\1", (void *) 0},/p'\'' -e '\''s/^[ABCDGIRSTW][ABCDGIRSTW]* .* \(.*\)$/  {"\1", (void *) \&\1},/p'\'''
lt_cv_sys_global_symbol_to_c_name_address_lib_prefix='sed -n -e '\''s/^: \(.*\) .*$/  {"\1", (void *) 0},/p'\'' -e '\''s/^[ABCDGIRSTW][ABCDGIRSTW]* .* \(lib.*\)$/  {"\1", (void *) \&\1},/p'\'' -e '\''s/^[ABCDGIRSTW][ABCDGIRSTW]* .* \(.*\)$/  {"lib\1", (void *) \&\1},/p'\'''
lt_cv_sys_global_symbol_to_cdecl='sed -n -e '\''s/^T .* \(.*\)$/extern int \1();/p'\'' -e '\''s/^[ABCDGIRSTW][ABCDGIRSTW]* .* \(.*\)$/extern char \1;/p'\'''
lt_cv_sys_global_symbol_to_import=
lt_cv_sys_max_cmd_len=1572864
lt_cv_to_host_file_cmd=func_convert_file_noop
lt_cv_to_tool_file_cmd=func_convert_file_noop
lt_cv_truncate_bin='/bin/dd bs=4096 count=1'

## ----------------- ##
## Output variables. ##
## ----------------- ##

ACLOCAL='${SHELL} /home/kzhou/coding/orparapp16s/missing aclocal-1.15'
AMDEPBACKSLASH='\'
AMDEP_FALSE='#'
AMDEP_TRUE=''
AMTAR='$${TAR-tar}'
AM_BACKSLASH='\'
AM_DEFAULT_V='$(AM_DEFAULT_VERBOSITY)'
AM_DEFAULT_VERBOSITY='1'
AM_V='$(V)'
AR='ar'
AUTOCONF='${SHELL} /home/kzhou/coding/orparapp16s/missing autoconf'
AUTOHEADER='${SHELL} /home/kzhou/coding/orparapp16s/missing autoheader'
AUTOMAKE='${SHELL} /home/kzhou/coding/orparapp16s/missing automake-1.15'
AWK='mawk'
BAMTOOLSINC=''
BAMTOOLSLIB=''
BOOSTINC=''
BOOSTLIB=''
CC='gcc'
CCDEPMODE='depmode=gcc3'
CFLAGS='-g -O2'
CPP='gcc -E'
CPPFLAGS=''
CXX='g++ -std=c++11'
CXXCPP='g++ -E -std=c++11'
CXXDEPMODE='depmode=gcc3'
CXXFLAGS='-g -O2'
CYGPATH_W='echo'
DEFS='-DHAVE_CONFIG_H'
DEPDIR='.deps'
DLLTOOL='false'
DSYMUTIL=''
DUMPBIN=''
ECHO_C=''
ECHO_N='-n'
ECHO_T=''
EGREP='/bin/grep -E'
EXEEXT=''
FGREP='/bin/grep -F'
GREP='/bin/grep'
GTESTINC=''
GTESTLIB=''
HAVE_CXX11='1'
INSTALL_DATA='${INSTALL} -m 644'
INSTALL_PROGRAM='${INSTALL}'
INSTALL_SCRIPT='${INSTALL}'
INSTALL_STRIP_PROGRAM='$(install_sh) -c -s'
LD='/usr/bin/ld -m elf_x86_64'
LDFLAGS=''
LIBOBJS=''
LIBS=''
LIBTOOL='$(SHELL) $(top_builddir)/libtool'
LIPO=''
LN_S='ln -s'
LTLIBOBJS=''
LT_SYS_LIBRARY_PATH=''
MAKEINFO='${SHELL} /home/kzhou/coding/orparapp16s/missing makeinfo'
MANIFEST_TOOL=':'
MKDIR_P='/bin/mkdir -p'
NM='/usr/bin/nm -B'
NMEDIT=''
OBJDUMP='objdump'
OBJEXT='o'
ORPARAIND=''
ORPARALIB=''
OTOOL64=''
OTOOL=''
PACKAGE='orparapp16s'
PACKAGE_BUGREPORT='kmzhou4@yahoo.com'
PACKAGE_NAME='orparapp16s'
PACKAGE_STRING='orparapp16s 0.1.0'
PACKAGE_TARNAME='orparapp16s'
PACKAGE_URL=''
PACKAGE_VERSION='0.1.0'
PATH_SEPARATOR=':'
PLOTUTILINC=''
PLOTUTILLIB=''
PTHREAD_CC='gcc'
PTHREAD_CFLAGS='-pthread'
PTHREAD_LIBS=''
RANLIB='ranlib'
SED='/bin/sed'
SET_MAKE=''
SHELL='/bin/bash'
STRIP='strip'
VERSION='0.1.0'
ac_ct_AR='ar'
ac_ct_CC='gcc'
ac_ct_CXX='g++'
ac_ct_DUMPBIN=''
am__EXEEXT_FALSE=''
am__EXEEXT_TRUE='#'
am__fastdepCC_FALSE='#'
am__fastdepCC_TRUE=''
am__fastdepCXX_FALSE='#'
am__fastdepCXX_TRUE=''
am__include='include'
am__isrc=''
am__leading_dot='.'
am__nodep='_no'
am__quote=''
am__tar='$${TAR-tar} chof - "$$tardir"'
am__untar='$${TAR-tar} xf -'
ax_pthread_config=''
bam_CXXFLAGS='-I/usr/local/include/bamtools'
bam_LDFLAGS='-L/usr/local/lib/bamtools'
bam_LIBS='-lbamtools'
bindir='${exec_prefix}/bin'
boost_CXXFLAGS='-I/usr/local/include/boost'
boost_LDFLAGS='-L/usr/local/lib'
boost_LIBS='-lboost_program_options'
build='x86_64-pc-linux-gnu'
build_alias=''
build_cpu='x86_64'
build_os='linux-gnu'
build_vendor='pc'
datadir='${datarootdir}'
datarootdir='${prefix}/share'
docdir='${datarootdir}/doc/${PACKAGE_TARNAME}'
dvidir='${docdir}'
exec_prefix='${prefix}'
gtest_CFLAGS='-g -O2 -pthread'
gtest_CXXFLAGS='-I/usr/local/include -g -O2'
gtest_LIBS=' -lgtest -lgtest_main -lgmock -lgmock_main -lpthread'
host='x86_64-pc-linux-gnu'
host_alias=''
host_cpu='x86_64'
host_os='linux-gnu'
host_vendor='pc'
htmldir='${docdir}'
includedir='${prefix}/include'
infodir='${datarootdir}/info'
install_sh='${SHELL} /home/kzhou/coding/orparapp16s/install-sh'
libdir='${exec_prefix}/lib'
libexecdir='${exec_prefix}/libexec'
localedir='${datarootdir}/locale'
localstatedir='${prefix}/var'
mandir='${datarootdir}/man'
mkdir_p='$(MKDIR_P)'
oldincludedir='/usr/include'
orpara_CXXFLAGS='-I/usr/local/include/orpara16s'
orpara_LDFLAGS='-L/usr/local/lib'
orpara_LIBS='-lkemin16s'
pdfdir='${docdir}'
plotter_CXXFLAGS='-I/usr/local/include'
plotter_LDFLAGS='-L/usr/local/lib'
plotter_LIBS='-lplotter -lXaw -lXmu -lXt -lSM -lICE -lXext -lX11 -lpng -lz -lm'
prefix='/usr/local'
program_transform_name='s,x,x,'
psdir='${docdir}'
runstatedir='${localstatedir}/run'
sbindir='${exec_prefix}/sbin'
sharedstatedir='${prefix}/com'
sysconfdir='${prefix}/etc'
target_alias=''

## ----------- ##
## confdefs.h. ##
## ----------- ##

/* confdefs.h */
#define PACKAGE_NAME "orparapp16s"
#define PACKAGE_TARNAME "orparapp16s"
#define PACKAGE_VERSION "0.1.0"
#define PACKAGE_STRING "orparapp16s 0.1.0"
#define PACKAGE_BUGREPORT "kmzhou4@yahoo.com"
#define PACKAGE_URL ""
#define PACKAGE "orparapp16s"
#define VERSION "0.1.0"
#define STDC_HEADERS 1
#define HAVE_SYS_TYPES_H 1
#define HAVE_SYS_STAT_H 1
#define HAVE_STDLIB_H 1
#define HAVE_STRING_H 1
#define HAVE_MEMORY_H 1
#define HAVE_STRINGS_H 1
#define HAVE_INTTYPES_H 1
#define HAVE_STDINT_H 1
#define HAVE_UNISTD_H 1
#define HAVE_DLFCN_H 1
#define LT_OBJDIR ".libs/"
#define HAVE_CXX11 1
#define HAVE_PTHREAD_PRIO_INHERIT 1
#define HAVE_PTHREAD 1
#define HAVE_API_BAMREADER_H 1
#define HAVE_BIOSEQ_H 1
#define HAVE_STRING_H 1
#define HAVE__BOOL 1
#define HAVE_MKDIR 1
#define HAVE_STRCHR 1
#define HAVE_STRSTR 1

configure: exit 0
